<?xml version="1.0" encoding="UTF-8"?>
<testng-results skipped="0" failed="1" ignored="0" total="9" passed="8">
  <reporter-output>
  </reporter-output>
  <suite name="Default suite" duration-ms="232105" started-at="2017-06-14T21:19:32Z" finished-at="2017-06-14T21:23:24Z">
    <groups>
    </groups>
    <test name="Default test" duration-ms="232105" started-at="2017-06-14T21:19:32Z" finished-at="2017-06-14T21:23:24Z">
      <class name="rivetlogic.automation.baseline.testcases.basetestsuite.samples.AppsAndLinksTestCases">
        <test-method status="PASS" signature="beforeTest()[pri:0, instance:rivetlogic.automation.baseline.testcases.basetestsuite.samples.AppsAndLinksTestCases@59f99ea]" name="beforeTest" is-config="true" duration-ms="59565" started-at="2017-06-14T15:19:32Z" finished-at="2017-06-14T15:20:31Z">
          <reporter-output>
          </reporter-output>
        </test-method> <!-- beforeTest -->
        <test-method status="PASS" signature="NUCP49()[pri:1, instance:rivetlogic.automation.baseline.testcases.basetestsuite.samples.AppsAndLinksTestCases@59f99ea]" name="NUCP49" duration-ms="120873" started-at="2017-06-14T15:20:31Z" finished-at="2017-06-14T15:22:32Z">
          <reporter-output>
          </reporter-output>
        </test-method> <!-- NUCP49 -->
        <test-method status="PASS" signature="NUCP173()[pri:2, instance:rivetlogic.automation.baseline.testcases.basetestsuite.samples.AppsAndLinksTestCases@59f99ea]" name="NUCP173" duration-ms="8562" started-at="2017-06-14T15:22:32Z" finished-at="2017-06-14T15:22:41Z">
          <reporter-output>
          </reporter-output>
        </test-method> <!-- NUCP173 -->
        <test-method status="PASS" signature="NUCP174()[pri:2, instance:rivetlogic.automation.baseline.testcases.basetestsuite.samples.AppsAndLinksTestCases@59f99ea]" name="NUCP174" duration-ms="4361" started-at="2017-06-14T15:22:41Z" finished-at="2017-06-14T15:22:45Z">
          <reporter-output>
          </reporter-output>
        </test-method> <!-- NUCP174 -->
        <test-method status="PASS" signature="NUCP178()[pri:2, instance:rivetlogic.automation.baseline.testcases.basetestsuite.samples.AppsAndLinksTestCases@59f99ea]" name="NUCP178" duration-ms="8518" started-at="2017-06-14T15:22:45Z" finished-at="2017-06-14T15:22:54Z">
          <reporter-output>
          </reporter-output>
        </test-method> <!-- NUCP178 -->
        <test-method status="PASS" signature="NUCP179()[pri:2, instance:rivetlogic.automation.baseline.testcases.basetestsuite.samples.AppsAndLinksTestCases@59f99ea]" name="NUCP179" duration-ms="4356" started-at="2017-06-14T15:22:54Z" finished-at="2017-06-14T15:22:58Z">
          <reporter-output>
          </reporter-output>
        </test-method> <!-- NUCP179 -->
        <test-method status="PASS" signature="NUCP53()[pri:2, instance:rivetlogic.automation.baseline.testcases.basetestsuite.samples.AppsAndLinksTestCases@59f99ea]" name="NUCP53" duration-ms="8545" started-at="2017-06-14T15:22:58Z" finished-at="2017-06-14T15:23:06Z">
          <reporter-output>
          </reporter-output>
        </test-method> <!-- NUCP53 -->
        <test-method status="PASS" signature="NUCP54()[pri:2, instance:rivetlogic.automation.baseline.testcases.basetestsuite.samples.AppsAndLinksTestCases@59f99ea]" name="NUCP54" duration-ms="4329" started-at="2017-06-14T15:23:06Z" finished-at="2017-06-14T15:23:11Z">
          <reporter-output>
          </reporter-output>
        </test-method> <!-- NUCP54 -->
        <test-method status="PASS" signature="NUCP56()[pri:2, instance:rivetlogic.automation.baseline.testcases.basetestsuite.samples.AppsAndLinksTestCases@59f99ea]" name="NUCP56" duration-ms="8509" started-at="2017-06-14T15:23:11Z" finished-at="2017-06-14T15:23:19Z">
          <reporter-output>
          </reporter-output>
        </test-method> <!-- NUCP56 -->
        <test-method status="FAIL" signature="NUCP57()[pri:2, instance:rivetlogic.automation.baseline.testcases.basetestsuite.samples.AppsAndLinksTestCases@59f99ea]" name="NUCP57" duration-ms="4318" started-at="2017-06-14T15:23:19Z" finished-at="2017-06-14T15:23:24Z">
          <exception class="java.lang.AssertionError">
            <message>
              <![CDATA[expected [true] but found [false]]]>
            </message>
            <full-stacktrace>
              <![CDATA[java.lang.AssertionError: expected [true] but found [false]
	at org.testng.Assert.fail(Assert.java:93)
	at org.testng.Assert.failNotEquals(Assert.java:512)
	at org.testng.Assert.assertTrue(Assert.java:41)
	at org.testng.Assert.assertTrue(Assert.java:51)
	at rivetlogic.automation.baseline.testcases.basetestsuite.samples.AppsAndLinksTestCases.NUCP57(AppsAndLinksTestCases.java:259)
	at sun.reflect.NativeMethodAccessorImpl.invoke0(Native Method)
	at sun.reflect.NativeMethodAccessorImpl.invoke(NativeMethodAccessorImpl.java:62)
	at sun.reflect.DelegatingMethodAccessorImpl.invoke(DelegatingMethodAccessorImpl.java:43)
	at java.lang.reflect.Method.invoke(Method.java:497)
	at org.testng.internal.MethodInvocationHelper.invokeMethod(MethodInvocationHelper.java:108)
	at org.testng.internal.Invoker.invokeMethod(Invoker.java:661)
	at org.testng.internal.Invoker.invokeTestMethod(Invoker.java:869)
	at org.testng.internal.Invoker.invokeTestMethods(Invoker.java:1193)
	at org.testng.internal.TestMethodWorker.invokeTestMethods(TestMethodWorker.java:126)
	at org.testng.internal.TestMethodWorker.run(TestMethodWorker.java:109)
	at org.testng.TestRunner.privateRun(TestRunner.java:744)
	at org.testng.TestRunner.run(TestRunner.java:602)
	at org.testng.SuiteRunner.runTest(SuiteRunner.java:380)
	at org.testng.SuiteRunner.runSequentially(SuiteRunner.java:375)
	at org.testng.SuiteRunner.privateRun(SuiteRunner.java:340)
	at org.testng.SuiteRunner.run(SuiteRunner.java:289)
	at org.testng.SuiteRunnerWorker.runSuite(SuiteRunnerWorker.java:52)
	at org.testng.SuiteRunnerWorker.run(SuiteRunnerWorker.java:86)
	at org.testng.TestNG.runSuitesSequentially(TestNG.java:1301)
	at org.testng.TestNG.runSuitesLocally(TestNG.java:1226)
	at org.testng.TestNG.runSuites(TestNG.java:1144)
	at org.testng.TestNG.run(TestNG.java:1115)
	at org.testng.remote.AbstractRemoteTestNG.run(AbstractRemoteTestNG.java:132)
	at org.testng.remote.RemoteTestNG.initAndRun(RemoteTestNG.java:230)
	at org.testng.remote.RemoteTestNG.main(RemoteTestNG.java:76)
]]>
            </full-stacktrace>
          </exception> <!-- java.lang.AssertionError -->
          <reporter-output>
          </reporter-output>
        </test-method> <!-- NUCP57 -->
        <test-method status="PASS" signature="afterTest()[pri:0, instance:rivetlogic.automation.baseline.testcases.basetestsuite.samples.AppsAndLinksTestCases@59f99ea]" name="afterTest" is-config="true" duration-ms="138" started-at="2017-06-14T15:23:24Z" finished-at="2017-06-14T15:23:24Z">
          <reporter-output>
          </reporter-output>
        </test-method> <!-- afterTest -->
      </class> <!-- rivetlogic.automation.baseline.testcases.basetestsuite.samples.AppsAndLinksTestCases -->
    </test> <!-- Default test -->
  </suite> <!-- Default suite -->
</testng-results>
